MPASM 5.83                         ALARM.ASM   7-1-2019  0:24:16         PAGE  1


LOC  OBJECT CODE     LINE SOURCE TEXT
  VALUE

                      00001 ;Cristal de 4MHz (Fosc)
                      00002 ;CM = 4 / 4 MHz = 1 useg
                      00003 ;
                      00004    
                      00005 #INCLUDE P16F628A.INC
                      00001         LIST
                      00002 
                      00003 ;==========================================================================
                      00004 ; Build date : Jan 21 2019
                      00005 ;  MPASM PIC16F628A processor include
                      00006 ; 
                      00007 ;  (c) Copyright 1999-2019 Microchip Technology, All rights reserved
                      00008 ;==========================================================================
                      00009 
                      00386         LIST
                      00006     
                      00007 #DEFINE     ZONA_01 PORTB,1         ;
                      00008 #DEFINE     ZONA_02 PORTB,3         ;
                      00009 #DEFINE     ZONA_S PORTB,0          ;
                      00010 #DEFINE     TEC PORTB,4             ;
                      00011 #DEFINE     LED_01 PORTA,0          ;
                      00012 #DEFINE     LED_02 PORTA,1          ;
                      00013 #DEFINE     LED_S PORTA,2           ;
                      00014 #DEFINE     LED_A PORTA,3           ;
                      00015 #DEFINE     AF PORTB,5              ;
                      00016 #DEFINE     DISC PORTB,6            ;
                      00017 
  00000020            00018 SALVA_W EQU 20H ; Usado para salvar o reg. W nas interrupções
  00000021            00019 SALVA_S EQU 21H ; Usado para salvar o reg. STATUS nas interrupções
  00000022            00020 FLAGS   EQU 22H ; Flags do sistema
  00000023            00021 FREQ    EQU 23H ; Indica a freqüência que será gerado pelo TMR0
                      00022     
  00000024            00023 CONTA1 EQU 24H
  00000025            00024 CONTA2 EQU 25H
  00000026            00025 CONTA3 EQU 26H
                      00026  
2007   3F21           00027  __CONFIG _XT_OSC & _WDT_OFF & _PWRTE_ON & _MCLRE_ON & _BODEN_OFF & _LVP_OFF & _CP_OFF
                      00028  
                      00029     ORG 000H
0000   2???           00030     GOTO INICIO
                      00031    
                      00032     ; -> Interrupção 
                      00033     ORG 004H
0004   00A0           00034         MOVWF SALVA_W       ; Salva contexto
0005   0E03           00035         SWAPF STATUS,W
0006   00A1           00036         MOVWF SALVA_S
0007   1C8B           00037         BTFSS INTCON,INTF   ; Int. externa ?
0008   2???           00038         GOTO  INTTMR0
                      00039         
                      00040 ; -> Interrupção externa: Zona Silenciosa
                      00041         
0009   108B           00042         BCF INTCON,INTF     ; Zera flag de interrupção externa  
                      00043         
MPASM 5.83                         ALARM.ASM   7-1-2019  0:24:16         PAGE  2


LOC  OBJECT CODE     LINE SOURCE TEXT
  VALUE

000A   1522           00044         BSF FLAGS,2         ; Indica ao programa principal que ZONA_S foi acionada
000B   1105           00045         BCF LED_S           ; Acende o led silencioso
000C   1706           00046         BSF DISC
000D   2???           00047         GOTO FIMINT         ; Sai da interrupção 
                      00048 
                      00049 ; -> Interrupção do Timer 0
000E   110B           00050 INTTMR0:BCF INTCON,T0IF     ; Zera flag de interrupção do temporizador 0 
                      00051     
000F   0823           00052         MOVFW FREQ          ; Pega valor de recarga do TMR0
0010   0081           00053         MOVWF TMR0
                      00054         
0011   3020           00055         MOVLW B'00100000'
0012   0686           00056         XORWF PORTB,F       ; Inverte sinal da sirene
                      00057                  
0013   0E21           00058 FIMINT: SWAPF SALVA_S,W     ; Recupera contexto
0014   0083           00059         MOVWF STATUS
0015   0EA0           00060         SWAPF SALVA_W,F
0016   0E20           00061         SWAPF SALVA_W,W
0017   0009           00062         RETFIE
                      00063     
                      00064     
0018   1683           00065 INICIO: BSF     STATUS,RP0 ; Banco 1 da RAM
0019   3090           00066         MOVLW   B'10010000'
Message[302]: Register in operand not in bank 0.  Ensure that bank bits are correct.
001A   0085           00067         MOVWF   TRISA ; Portas RA0 a RA3, RA5 e RA6 como saídas
001B   309F           00068         MOVLW   B'10011111'
Message[302]: Register in operand not in bank 0.  Ensure that bank bits are correct.
001C   0086           00069         MOVWF   TRISB ; Portas RB0 a RB3 como saídas
001D   3081           00070         MOVLW B'10000001'
                      00071                             ; Int. ext. por borda de descida
                      00072                             ; TMR0 no modo temporizador com prescaler 1:4
Message[302]: Register in operand not in bank 0.  Ensure that bank bits are correct.
001E   0081           00073         MOVWF OPTION_REG
001F   3090           00074         MOVLW B'10010000'
0020   008B           00075         MOVWF INTCON ; Habilita int. externa e do temporizador 0 
0021   1283           00076         BCF STATUS,RP0 ; Banco 0 da RAM
                      00077         
0022   3007           00078         MOVLW   7
0023   009F           00079         MOVWF   CMCON ; Desabilita comparadores da porta A
                      00080         
                      00081 ; -> Valor inicial das portas de saída
                      00082  
0024   1405           00083 REINICIO:   BSF LED_01  ;APAGA LED 01
0025   1485           00084             BSF LED_02  ;APAGA LED 02
0026   1505           00085             BSF LED_S   ;APAGA LED S
0027   1585           00086             BSF LED_A   ;APAGA LED A
0028   1306           00087             BCF DISC    ;DESLIGA RELE DISCADORA
0029   1286           00088             BCF AF      ;DESLIGA SIRENE
002A   01A2           00089             CLRF FLAGS  ;ZERA FLAGS
                      00090         
                      00091  ; -> Laço Principal 
                      00092  
002B   1405           00093 TST_Z01: BSF LED_01
MPASM 5.83                         ALARM.ASM   7-1-2019  0:24:16         PAGE  3


LOC  OBJECT CODE     LINE SOURCE TEXT
  VALUE

002C   1022           00094          BCF FLAGS,0
002D   1886           00095          BTFSC ZONA_01  ;ZONA 1 ABERTA?
002E   2???           00096          GOTO TST_Z02   ;NÃO, TESTA ZONA 2
                      00097         
002F   1005           00098         BCF LED_01      ; ACENDE LED 1
0030   1422           00099         BSF FLAGS,0     ; SETA FLAG INFORMANDO QUE ZONA 2 ESTÁ ABERTA
                      00100          
0031   1485           00101 TST_Z02:BSF LED_02
0032   10A2           00102         BCF FLAGS,1 
0033   1986           00103         BTFSC ZONA_02   ;ZONA 2 ABERTA?
0034   2???           00104         GOTO TST_TEC    ;NÃO, TESTA TECLADO
                      00105         
0035   1085           00106         BCF LED_02      ; ACENDE LED 2
0036   14A2           00107         BSF FLAGS,1     ; SETA FLAG INFORMANDO QUE ZONA 1 ESTÁ ABERTA
                      00108         
0037   1A06           00109 TST_TEC: BTFSC TEC      ;TECLADO COM SENHA CORRETA?
0038   2???           00110          GOTO TST_Z01   
                      00111 
0039   08A2           00112          MOVF FLAGS,F   
003A   1903           00113          BTFSC STATUS,Z ;ALGUMA FLAG SETADA? 
003B   2???           00114          GOTO ARMADO    ;NÃO, ATIVA ALARME
                      00115          
                      00116                         ;ALGUMA ZONA ABERTA OU ZONA SILENCIOSA ATIVADA
003C   1922           00117          BTFSC FLAGS, 2   ;ZONA SILENCIOSA ACIONADA?
003D   2???           00118          GOTO DESATIVA_ZS ;SIM, DESATIVA ZONA SILENCIOSA
                      00119          
003E   3006           00120          MOVLW .6
003F   00A3           00121          MOVWF FREQ
0040   168B           00122          BSF INTCON,T0IE
0041   2???           00123          CALL LP1SEG
0042   128B           00124          BCF INTCON,T0IE
0043   1286           00125          BCF AF
0044   2???           00126          GOTO TST_Z01
                      00127          
                      00128 
0045   1505           00129 DESATIVA_ZS: BSF LED_S  ;DESLIGA LED SILENCIOSO
0046   1122           00130              BCF FLAGS, 2   ;LIMPA FLAG DE ZONA SILENCIOSA
0047   1306           00131              BCF DISC       ;DESLIGA DISCADORA
0048   2???           00132              GOTO TST_Z01
                      00133     
0049   3006           00134 ARMADO: MOVLW .6
004A   00A3           00135          MOVWF FREQ
004B   168B           00136          BSF INTCON,T0IE
004C   2???           00137          CALL LP1SEG
004D   128B           00138          BCF INTCON,T0IE
004E   1286           00139          BCF AF
004F   1185           00140         BCF LED_A
                      00141          
0050   1886           00142 TST_Z01_: BTFSC ZONA_01         ;ZONA 1 ABERTA?
0051   2???           00143           GOTO TST_Z02_         ;NÃO, TESTA ZONA 2
                      00144         
0052   1005           00145          BCF LED_01
0053   1422           00146          BSF FLAGS, 0
MPASM 5.83                         ALARM.ASM   7-1-2019  0:24:16         PAGE  4


LOC  OBJECT CODE     LINE SOURCE TEXT
  VALUE

0054   1706           00147          BSF DISC
                      00148          
0055   3006           00149          MOVLW .6
0056   00A3           00150          MOVWF FREQ
0057   168B           00151          BSF INTCON,T0IE
0058   2???           00152          GOTO TST_TEC_
                      00153          
0059   1986           00154 TST_Z02_:BTFSC ZONA_02          ;ZONA 2 ABERTA?
005A   2???           00155          GOTO TST_TEC_          ;NÃO, TESTA TECLADO
                      00156         
005B   1085           00157          BCF LED_02
005C   14A2           00158          BSF FLAGS, 1
005D   1706           00159          BSF DISC
                      00160          
005E   3006           00161          MOVLW .6
005F   00A3           00162          MOVWF FREQ
0060   168B           00163          BSF INTCON,T0IE
                      00164          
0061   1A06           00165 TST_TEC_: BTFSC TEC             ;TECLADO COM SENHA CORRETA?
0062   2???           00166          GOTO TST_Z01_  
                      00167          
0063   08A2           00168          MOVF FLAGS,F   
0064   1903           00169          BTFSC STATUS,Z ;ALGUMA FLAG SETADA?
0065   2???           00170          GOTO REINICIO
                      00171          
0066   1405           00172          BSF LED_01
0067   1485           00173          BSF LED_02
0068   1505           00174          BSF LED_S
0069   1306           00175          BCF DISC
006A   2???           00176          GOTO TST_Z01_
                      00177          
                      00178 ; -> Laço de tempo
006B   3004           00179 LP1SEG: MOVLW .4 ; 4 x 250 mseg = 1 seg
006C   00A6           00180         MOVWF CONTA3
006D   30FA           00181 LP250MS: MOVLW .250 ; 250 x 1 mseg = 250 mseg
006E   00A5           00182         MOVWF CONTA2
006F   30FA           00183 LP_1MS: MOVLW .250
0070   00A4           00184         MOVWF CONTA1
0071   0000           00185 LOOP:   NOP
0072   0000           00186         NOP
0073   0BA4           00187         DECFSZ CONTA1,F
0074   2???           00188         GOTO LOOP
0075   0BA5           00189         DECFSZ CONTA2,F
0076   2???           00190         GOTO LP_1MS
0077   0BA6           00191         DECFSZ CONTA3,F
0078   2???           00192         GOTO LP250MS
0079   0008           00193         RETURN    
                      00194     
3F21                  00195     END
MPASM 5.83                         ALARM.ASM   7-1-2019  0:24:16         PAGE  5


SYMBOL TABLE
  LABEL                             VALUE 

ADDEN                             00000003
ADEN                              00000003
AF                                PORTB,5
ARMADO                            00000049
BRGH                              00000002
C                                 00000000
C1INV                             00000004
C1OUT                             00000006
C2INV                             00000005
C2OUT                             00000007
CCP1CON                           00000017
CCP1IE                            00000002
CCP1IF                            00000002
CCP1M0                            00000000
CCP1M1                            00000001
CCP1M2                            00000002
CCP1M3                            00000003
CCP1X                             00000005
CCP1Y                             00000004
CCPR1                             00000015
CCPR1H                            00000016
CCPR1L                            00000015
CIS                               00000003
CM0                               00000000
CM1                               00000001
CM2                               00000002
CMCON                             0000001F
CMIE                              00000006
CMIF                              00000006
CONTA1                            00000024
CONTA2                            00000025
CONTA3                            00000026
CREN                              00000004
CSRC                              00000007
DATA_CP_OFF                       00003FFF
DATA_CP_ON                        00003EFF
DC                                00000001
DESATIVA_ZS                       00000045
DISC                              PORTB,6
EEADR                             0000009B
EECON1                            0000009C
EECON2                            0000009D
EEDATA                            0000009A
EEIE                              00000007
EEIF                              00000007
F                                 00000001
FERR                              00000002
FIMINT                            00000013
FLAGS                             00000022
FREQ                              00000023
FSR                               00000004
GIE                               00000007
INDF                              00000000
MPASM 5.83                         ALARM.ASM   7-1-2019  0:24:16         PAGE  6


SYMBOL TABLE
  LABEL                             VALUE 

INICIO                            00000018
INTCON                            0000000B
INTE                              00000004
INTEDG                            00000006
INTF                              00000001
INTTMR0                           0000000E
IRP                               00000007
LED_01                            PORTA,0
LED_02                            PORTA,1
LED_A                             PORTA,3
LED_S                             PORTA,2
LOOP                              00000071
LP1SEG                            0000006B
LP250MS                           0000006D
LP_1MS                            0000006F
NOT_BO                            00000000
NOT_BOD                           00000000
NOT_BOR                           00000000
NOT_PD                            00000003
NOT_POR                           00000001
NOT_RBPU                          00000007
NOT_T1SYNC                        00000002
NOT_TO                            00000004
OERR                              00000001
OPTION_REG                        00000081
OSCF                              00000003
PCL                               00000002
PCLATH                            0000000A
PCON                              0000008E
PEIE                              00000006
PIE1                              0000008C
PIR1                              0000000C
PORTA                             00000005
PORTB                             00000006
PR2                               00000092
PS0                               00000000
PS1                               00000001
PS2                               00000002
PSA                               00000003
RA0                               00000000
RA1                               00000001
RA2                               00000002
RA3                               00000003
RA4                               00000004
RA5                               00000005
RA6                               00000006
RA7                               00000007
RB0                               00000000
RB1                               00000001
RB2                               00000002
RB3                               00000003
RB4                               00000004
RB5                               00000005
MPASM 5.83                         ALARM.ASM   7-1-2019  0:24:16         PAGE  7


SYMBOL TABLE
  LABEL                             VALUE 

RB6                               00000006
RB7                               00000007
RBIE                              00000003
RBIF                              00000000
RCIE                              00000005
RCIF                              00000005
RCREG                             0000001A
RCSTA                             00000018
RD                                00000000
REINICIO                          00000024
RP0                               00000005
RP1                               00000006
RX9                               00000006
RX9D                              00000000
SALVA_S                           00000021
SALVA_W                           00000020
SPBRG                             00000099
SPEN                              00000007
SREN                              00000005
STATUS                            00000003
SYNC                              00000004
T0CS                              00000005
T0IE                              00000005
T0IF                              00000002
T0SE                              00000004
T1CKPS0                           00000004
T1CKPS1                           00000005
T1CON                             00000010
T1OSCEN                           00000003
T2CKPS0                           00000000
T2CKPS1                           00000001
T2CON                             00000012
TEC                               PORTB,4
TMR0                              00000001
TMR0IE                            00000005
TMR0IF                            00000002
TMR1                              0000000E
TMR1CS                            00000001
TMR1H                             0000000F
TMR1IE                            00000000
TMR1IF                            00000000
TMR1L                             0000000E
TMR1ON                            00000000
TMR2                              00000011
TMR2IE                            00000001
TMR2IF                            00000001
TMR2ON                            00000002
TOUTPS0                           00000003
TOUTPS1                           00000004
TOUTPS2                           00000005
TOUTPS3                           00000006
TRISA                             00000085
TRISA0                            00000000
MPASM 5.83                         ALARM.ASM   7-1-2019  0:24:16         PAGE  8


SYMBOL TABLE
  LABEL                             VALUE 

TRISA1                            00000001
TRISA2                            00000002
TRISA3                            00000003
TRISA4                            00000004
TRISA5                            00000005
TRISA6                            00000006
TRISA7                            00000007
TRISB                             00000086
TRISB0                            00000000
TRISB1                            00000001
TRISB2                            00000002
TRISB3                            00000003
TRISB4                            00000004
TRISB5                            00000005
TRISB6                            00000006
TRISB7                            00000007
TRMT                              00000001
TST_TEC                           00000037
TST_TEC_                          00000061
TST_Z01                           0000002B
TST_Z01_                          00000050
TST_Z02                           00000031
TST_Z02_                          00000059
TX9                               00000006
TX9D                              00000000
TXEN                              00000005
TXIE                              00000004
TXIF                              00000004
TXREG                             00000019
TXSTA                             00000098
VR0                               00000000
VR1                               00000001
VR2                               00000002
VR3                               00000003
VRCON                             0000009F
VREN                              00000007
VROE                              00000006
VRR                               00000005
W                                 00000000
WR                                00000001
WREN                              00000002
WRERR                             00000003
Z                                 00000002
ZONA_01                           PORTB,1
ZONA_02                           PORTB,3
ZONA_S                            PORTB,0
_BODEN_OFF                        00003FBF
_BODEN_ON                         00003FFF
_BOREN_OFF                        00003FBF
_BOREN_ON                         00003FFF
_CONFIG                           00002007
_CPD_OFF                          00003FFF
_CPD_ON                           00003EFF
MPASM 5.83                         ALARM.ASM   7-1-2019  0:24:16         PAGE  9


SYMBOL TABLE
  LABEL                             VALUE 

_CP_OFF                           00003FFF
_CP_ON                            00001FFF
_DEVID1                           00002006
_ER_OSC_CLKOUT                    00003FFF
_ER_OSC_NOCLKOUT                  00003FFE
_EXTCLK_OSC                       00003FEF
_FOSC_ECIO                        00003FEF
_FOSC_EXTRCCLK                    00003FFF
_FOSC_EXTRCIO                     00003FFE
_FOSC_HS                          00003FEE
_FOSC_INTOSCCLK                   00003FFD
_FOSC_INTOSCIO                    00003FFC
_FOSC_LP                          00003FEC
_FOSC_XT                          00003FED
_HS_OSC                           00003FEE
_IDLOC0                           00002000
_IDLOC1                           00002001
_IDLOC2                           00002002
_IDLOC3                           00002003
_INTOSC_OSC_CLKOUT                00003FFD
_INTOSC_OSC_NOCLKOUT              00003FFC
_INTRC_OSC_CLKOUT                 00003FFD
_INTRC_OSC_NOCLKOUT               00003FFC
_LP_OSC                           00003FEC
_LVP_OFF                          00003F7F
_LVP_ON                           00003FFF
_MCLRE_OFF                        00003FDF
_MCLRE_ON                         00003FFF
_PWRTE_OFF                        00003FFF
_PWRTE_ON                         00003FF7
_RC_OSC_CLKOUT                    00003FFF
_RC_OSC_NOCLKOUT                  00003FFE
_WDTE_OFF                         00003FFB
_WDTE_ON                          00003FFF
_WDT_OFF                          00003FFB
_WDT_ON                           00003FFF
_XT_OSC                           00003FED
__16F628A                         00000001
__DEBUG                           
__MPLAB_DEBUGGER_SIMULATOR        1

Errors   :     0
Warnings :     0 reported,     0 suppressed
Messages :     3 reported,     0 suppressed

