MPASM 5.83                         ALARM.ASM   7-1-2019  17:08:54         PAGE  1


LOC  OBJECT CODE     LINE SOURCE TEXT
  VALUE

                      00001 ;Cristal de 4MHz (Fosc)
                      00002 ;CM = 4 / 4 MHz = 1 useg
                      00003 
                      00004 ; Sinal sonoro de 2KHz -> T = 1/f = 0,5 mseg -> T/2 = 0.25 mseg
                      00005 ; TMR0 = 256 ? TEMPO/CM -> TMR0 = 256 ? 0.25mseg/1useg = 6
                      00006 ; TMR0 = 256 ? TEMPO/4CM -> TMR0 = 256 ? 0.25 mseg/(4x1useg) = 193,5
                      00007     
                      00008 ; Sinal sonoro de 3KHz -> T = 1/f = 0.3333 mseg -> T/2 = 0.16666 mseg
                      00009 ; TMR0 = 256 ? TEMPO/CM -> TMR0 = 256 ? 0.16666mseg/1useg = 89,34
                      00010 ; TMR0 = 256 ? TEMPO/4CM -> TMR0 = 256 ? 0.16666 mseg/(4x1useg) = 214,35
                      00011     
                      00012 ; Sinal sonoro de 800Hz -> T = 1/f = 1,25 mseg -> T/2 = 0,625 mseg
                      00013 ; TMR0 = 256 ? TEMPO/4CM -> TMR0 = 256 ? 0,625mseg/1useg = -369
                      00014 ; Associando o prescaler ao TMR0 com uma divisão do CM por 2:
                      00015 ; TMR0 = 256 ? TEMPO/4CM -> TMR0 = 256 ? 0,625 mseg/(2x1useg) = -56,5
                      00016 ; Associando o prescaler ao TMR0 com uma divisão do CM por 4:
                      00017 ; TMR0 = 256 ? TEMPO/4CM -> TMR0 = 256 ? 0,625 mseg/(4x1useg) = 99,75
                      00018 ; A ZONA_S obrigatoriamente deve ser ligado na porta RB0 (interrupção externa) 
                      00019    
                      00020 #INCLUDE P16F628A.INC
                      00001         LIST
                      00002 
                      00003 ;==========================================================================
                      00004 ; Build date : Jan 21 2019
                      00005 ;  MPASM PIC16F628A processor include
                      00006 ; 
                      00007 ;  (c) Copyright 1999-2019 Microchip Technology, All rights reserved
                      00008 ;==========================================================================
                      00009 
                      00386         LIST
                      00021     
                      00022 #DEFINE     ZONA_01 PORTB,1         ;
                      00023 #DEFINE     ZONA_02 PORTB,3         ;
                      00024 #DEFINE     ZONA_S PORTB,0          ;
                      00025 #DEFINE     TEC PORTB,4             ;
                      00026 #DEFINE     LED_01 PORTA,0          ;
                      00027 #DEFINE     LED_02 PORTA,1          ;
                      00028 #DEFINE     LED_S PORTA,2           ;
                      00029 #DEFINE     LED_A PORTA,3           ;
                      00030 #DEFINE     AF PORTB,5              ;
                      00031 #DEFINE     DISC PORTB,6            ;
                      00032 
  00000020            00033 SALVA_W EQU 20H ; Usado para salvar o reg. W nas interrupções
  00000021            00034 SALVA_S EQU 21H ; Usado para salvar o reg. STATUS nas interrupções
  00000022            00035 FLAGS   EQU 22H ; Flags do sistema
  00000023            00036 FREQ    EQU 23H ; Indica a freqüência que será gerado pelo TMR0
                      00037     
  00000024            00038 CONTA1 EQU 24H
  00000025            00039 CONTA2 EQU 25H
  00000026            00040 CONTA3 EQU 26H
  00000027            00041 CONTA4 EQU 27H
                      00042 
2007   3F21           00043  __CONFIG _XT_OSC & _WDT_OFF & _PWRTE_ON & _MCLRE_ON & _BODEN_OFF & _LVP_OFF & _CP_OFF
MPASM 5.83                         ALARM.ASM   7-1-2019  17:08:54         PAGE  2


LOC  OBJECT CODE     LINE SOURCE TEXT
  VALUE

                      00044  
                      00045     ORG 000H
0000   2???           00046     GOTO INICIO
                      00047    
                      00048     ; -> Interrupção 
                      00049     ORG 004H
0004   00A0           00050         MOVWF SALVA_W       ; Salva contexto
0005   0E03           00051         SWAPF STATUS,W
0006   00A1           00052         MOVWF SALVA_S
0007   1C8B           00053         BTFSS INTCON,INTF   ; Int. externa ?
0008   2???           00054         GOTO  INTTMR0
                      00055         
                      00056 ; -> Interrupção externa: Zona Silenciosa
                      00057         
0009   108B           00058         BCF INTCON,INTF     ; Zera flag de interrupção externa  
                      00059         
000A   1522           00060         BSF FLAGS,2         ; Indica ao programa principal que ZONA_S foi acionada
000B   1105           00061         BCF LED_S           ; Acende o led silencioso
000C   1706           00062         BSF DISC
000D   2???           00063         GOTO FIMINT         ; Sai da interrupção 
                      00064 
                      00065 ; -> Interrupção do Timer 0
000E   110B           00066 INTTMR0:BCF INTCON,T0IF     ; Zera flag de interrupção do temporizador 0 
                      00067     
000F   0823           00068         MOVFW FREQ          ; Pega valor de recarga do TMR0
0010   0081           00069         MOVWF TMR0
                      00070         
0011   3020           00071         MOVLW B'00100000'
0012   0686           00072         XORWF PORTB,F       ; Inverte sinal da sirene
                      00073                  
0013   0E21           00074 FIMINT: SWAPF SALVA_S,W     ; Recupera contexto
0014   0083           00075         MOVWF STATUS
0015   0EA0           00076         SWAPF SALVA_W,F
0016   0E20           00077         SWAPF SALVA_W,W
0017   0009           00078         RETFIE
                      00079     
                      00080     
0018   1683           00081 INICIO: BSF     STATUS,RP0 ; Banco 1 da RAM
0019   3090           00082         MOVLW   B'10010000'
Message[302]: Register in operand not in bank 0.  Ensure that bank bits are correct.
001A   0085           00083         MOVWF   TRISA ; Portas RA0 a RA3, RA5 e RA6 como saídas
001B   309F           00084         MOVLW   B'10011111'
Message[302]: Register in operand not in bank 0.  Ensure that bank bits are correct.
001C   0086           00085         MOVWF   TRISB ; Portas RB0 a RB3 como saídas
001D   3081           00086         MOVLW B'10000001'
                      00087                             ; Int. ext. por borda de descida
                      00088                             ; TMR0 no modo temporizador com prescaler 1:4
Message[302]: Register in operand not in bank 0.  Ensure that bank bits are correct.
001E   0081           00089         MOVWF OPTION_REG
001F   3090           00090         MOVLW B'10010000'
0020   008B           00091         MOVWF INTCON ; Habilita int. externa e do temporizador 0 
0021   1283           00092         BCF STATUS,RP0 ; Banco 0 da RAM
                      00093         
MPASM 5.83                         ALARM.ASM   7-1-2019  17:08:54         PAGE  3


LOC  OBJECT CODE     LINE SOURCE TEXT
  VALUE

0022   3007           00094         MOVLW   7
0023   009F           00095         MOVWF   CMCON ; Desabilita comparadores da porta A
                      00096         
                      00097 ; -> Valor inicial das portas de saída
                      00098  
0024   1405           00099 REINICIO:   BSF LED_01  ;APAGA LED 01
0025   1485           00100             BSF LED_02  ;APAGA LED 02
0026   1505           00101             BSF LED_S   ;APAGA LED S
0027   1585           00102             BSF LED_A   ;APAGA LED A
0028   1306           00103             BCF DISC    ;DESLIGA RELE DISCADORA
0029   1286           00104             BCF AF      ;DESLIGA SIRENE
002A   01A2           00105             CLRF FLAGS  ;ZERA FLAGS
                      00106         
                      00107  ; -> Laço Principal
                      00108  
002B   1405           00109 TST_Z01: BSF LED_01
002C   1022           00110          BCF FLAGS,0
002D   1886           00111          BTFSC ZONA_01  ;ZONA 1 ABERTA?
002E   2???           00112          GOTO TST_Z02   ;NÃO, TESTA ZONA 2
                      00113         
002F   1005           00114         BCF LED_01      ; ACENDE LED 1
0030   1422           00115         BSF FLAGS,0     ; SETA FLAG INFORMANDO QUE ZONA 1 ESTÁ ABERTA
                      00116          
0031   1485           00117 TST_Z02:BSF LED_02
0032   10A2           00118         BCF FLAGS,1 
0033   1986           00119         BTFSC ZONA_02   ;ZONA 2 ABERTA?
0034   2???           00120         GOTO TST_TEC    ;NÃO, TESTA TECLADO
                      00121         
0035   1085           00122         BCF LED_02      ; ACENDE LED 2
0036   14A2           00123         BSF FLAGS,1     ; SETA FLAG INFORMANDO QUE ZONA 2 ESTÁ ABERTA
                      00124         
0037   1A06           00125 TST_TEC: BTFSC TEC      ;TECLADO COM SENHA CORRETA?
0038   2???           00126          GOTO TST_Z01   
                      00127 
0039   08A2           00128          MOVF FLAGS,F   
003A   1903           00129          BTFSC STATUS,Z ;ALGUMA FLAG SETADA? 
003B   2???           00130          GOTO ARMADO    ;NÃO, ATIVA ALARME
                      00131          
                      00132                         ;ALGUMA ZONA ABERTA OU ZONA SILENCIOSA ATIVADA
003C   1922           00133          BTFSC FLAGS, 2   ;ZONA SILENCIOSA ACIONADA?
003D   2???           00134          GOTO DESATIVA_ZS ;SIM, DESATIVA ZONA SILENCIOSA
                      00135          
003E   30C2           00136          MOVLW .194
003F   00A3           00137          MOVWF FREQ
0040   168B           00138          BSF INTCON,T0IE
0041   2???           00139          CALL LP800MS
0042   128B           00140          BCF INTCON,T0IE
0043   1286           00141          BCF AF
0044   2???           00142          GOTO TST_Z01
                      00143          
                      00144 
0045   1505           00145 DESATIVA_ZS: BSF LED_S  ;DESLIGA LED SILENCIOSO
0046   1122           00146              BCF FLAGS, 2   ;LIMPA FLAG DE ZONA SILENCIOSA
MPASM 5.83                         ALARM.ASM   7-1-2019  17:08:54         PAGE  4


LOC  OBJECT CODE     LINE SOURCE TEXT
  VALUE

0047   1306           00147              BCF DISC       ;DESLIGA DISCADORA
0048   2???           00148              CALL LP800MS   ;DEBOUNCING
0049   2???           00149              GOTO TST_Z01
                      00150     
004A   3064           00151 ARMADO: MOVLW .100
004B   00A3           00152          MOVWF FREQ
004C   168B           00153          BSF INTCON,T0IE
004D   2???           00154          CALL LP800MS
004E   128B           00155          BCF INTCON,T0IE
004F   1286           00156          BCF AF
0050   1185           00157          BCF LED_A
                      00158          
0051   1886           00159 TST_Z01_: BTFSC ZONA_01         ;ZONA 1 ABERTA?
0052   2???           00160           GOTO TST_Z02_         ;NÃO, TESTA ZONA 2
                      00161         
0053   1005           00162          BCF LED_01
0054   1422           00163          BSF FLAGS, 0
0055   1706           00164          BSF DISC
                      00165          
0056   3059           00166          MOVLW .89
0057   00A3           00167          MOVWF FREQ
0058   168B           00168          BSF INTCON,T0IE
0059   2???           00169          GOTO TST_TEC_
                      00170          
005A   1986           00171 TST_Z02_:BTFSC ZONA_02          ;ZONA 2 ABERTA?
005B   2???           00172          GOTO TST_TEC_          ;NÃO, TESTA TECLADO
                      00173         
005C   1085           00174          BCF LED_02
005D   14A2           00175          BSF FLAGS, 1
005E   1706           00176          BSF DISC
                      00177          
005F   3059           00178          MOVLW .89
0060   00A3           00179          MOVWF FREQ
0061   168B           00180          BSF INTCON,T0IE
                      00181          
0062   1A06           00182 TST_TEC_: BTFSC TEC             ;TECLADO COM SENHA CORRETA?
0063   2???           00183          GOTO TST_Z01_  
                      00184          
0064   08A2           00185          MOVF FLAGS,F
0065   2???           00186      CALL LP800MS   ;DEBOUNCING 
0066   1903           00187          BTFSC STATUS,Z ;ALGUMA FLAG SETADA?
0067   2???           00188          GOTO REINICIO
                      00189          
0068   1405           00190          BSF LED_01
0069   1485           00191          BSF LED_02
006A   1505           00192          BSF LED_S
006B   1306           00193          BCF DISC
006C   128B           00194      BCF INTCON,T0IE
006D   2???           00195          GOTO TST_Z01_
                      00196          
                      00197 ; -> Laço de tempo
006E   3004           00198 LP800MS: MOVLW .4 ; 4 x 200 mseg = 800 mseg
006F   00A6           00199                  MOVWF CONTA3
MPASM 5.83                         ALARM.ASM   7-1-2019  17:08:54         PAGE  5


LOC  OBJECT CODE     LINE SOURCE TEXT
  VALUE

0070   30C8           00200 LP200MS: MOVLW .200 ; 200 x 1 mseg = 200 mseg
0071   00A5           00201                 MOVWF CONTA2
0072   30FA           00202 LP_1MS: MOVLW .250
0073   00A4           00203                 MOVWF CONTA1
0074   0000           00204 LOOP:   NOP
0075   0000           00205                 NOP
0076   0BA4           00206                 DECFSZ CONTA1,F
0077   2???           00207                 GOTO LOOP
0078   0BA5           00208                 DECFSZ CONTA2,F
0079   2???           00209                 GOTO LP_1MS
007A   0BA6           00210                 DECFSZ CONTA3,F
007B   2???           00211                 GOTO LP200MS
007C   0008           00212                 RETURN    
                      00213     
007D   3005           00214 LP1SEG: MOVLW .5
007E   00A7           00215                 MOVWF CONTA4
007F   2???           00216                 CALL LP200MS
0080   0BA6           00217                 DECFSZ CONTA3,F
0081   2???           00218                 GOTO LP1SEG
0082   0008           00219                 RETURN    
                      00220 
3F21                  00221     END
MPASM 5.83                         ALARM.ASM   7-1-2019  17:08:54         PAGE  6


SYMBOL TABLE
  LABEL                             VALUE 

ADDEN                             00000003
ADEN                              00000003
AF                                PORTB,5
ARMADO                            0000004A
BRGH                              00000002
C                                 00000000
C1INV                             00000004
C1OUT                             00000006
C2INV                             00000005
C2OUT                             00000007
CCP1CON                           00000017
CCP1IE                            00000002
CCP1IF                            00000002
CCP1M0                            00000000
CCP1M1                            00000001
CCP1M2                            00000002
CCP1M3                            00000003
CCP1X                             00000005
CCP1Y                             00000004
CCPR1                             00000015
CCPR1H                            00000016
CCPR1L                            00000015
CIS                               00000003
CM0                               00000000
CM1                               00000001
CM2                               00000002
CMCON                             0000001F
CMIE                              00000006
CMIF                              00000006
CONTA1                            00000024
CONTA2                            00000025
CONTA3                            00000026
CONTA4                            00000027
CREN                              00000004
CSRC                              00000007
DATA_CP_OFF                       00003FFF
DATA_CP_ON                        00003EFF
DC                                00000001
DESATIVA_ZS                       00000045
DISC                              PORTB,6
EEADR                             0000009B
EECON1                            0000009C
EECON2                            0000009D
EEDATA                            0000009A
EEIE                              00000007
EEIF                              00000007
F                                 00000001
FERR                              00000002
FIMINT                            00000013
FLAGS                             00000022
FREQ                              00000023
FSR                               00000004
GIE                               00000007
MPASM 5.83                         ALARM.ASM   7-1-2019  17:08:54         PAGE  7


SYMBOL TABLE
  LABEL                             VALUE 

INDF                              00000000
INICIO                            00000018
INTCON                            0000000B
INTE                              00000004
INTEDG                            00000006
INTF                              00000001
INTTMR0                           0000000E
IRP                               00000007
LED_01                            PORTA,0
LED_02                            PORTA,1
LED_A                             PORTA,3
LED_S                             PORTA,2
LOOP                              00000074
LP1SEG                            0000007D
LP200MS                           00000070
LP800MS                           0000006E
LP_1MS                            00000072
NOT_BO                            00000000
NOT_BOD                           00000000
NOT_BOR                           00000000
NOT_PD                            00000003
NOT_POR                           00000001
NOT_RBPU                          00000007
NOT_T1SYNC                        00000002
NOT_TO                            00000004
OERR                              00000001
OPTION_REG                        00000081
OSCF                              00000003
PCL                               00000002
PCLATH                            0000000A
PCON                              0000008E
PEIE                              00000006
PIE1                              0000008C
PIR1                              0000000C
PORTA                             00000005
PORTB                             00000006
PR2                               00000092
PS0                               00000000
PS1                               00000001
PS2                               00000002
PSA                               00000003
RA0                               00000000
RA1                               00000001
RA2                               00000002
RA3                               00000003
RA4                               00000004
RA5                               00000005
RA6                               00000006
RA7                               00000007
RB0                               00000000
RB1                               00000001
RB2                               00000002
RB3                               00000003
MPASM 5.83                         ALARM.ASM   7-1-2019  17:08:54         PAGE  8


SYMBOL TABLE
  LABEL                             VALUE 

RB4                               00000004
RB5                               00000005
RB6                               00000006
RB7                               00000007
RBIE                              00000003
RBIF                              00000000
RCIE                              00000005
RCIF                              00000005
RCREG                             0000001A
RCSTA                             00000018
RD                                00000000
REINICIO                          00000024
RP0                               00000005
RP1                               00000006
RX9                               00000006
RX9D                              00000000
SALVA_S                           00000021
SALVA_W                           00000020
SPBRG                             00000099
SPEN                              00000007
SREN                              00000005
STATUS                            00000003
SYNC                              00000004
T0CS                              00000005
T0IE                              00000005
T0IF                              00000002
T0SE                              00000004
T1CKPS0                           00000004
T1CKPS1                           00000005
T1CON                             00000010
T1OSCEN                           00000003
T2CKPS0                           00000000
T2CKPS1                           00000001
T2CON                             00000012
TEC                               PORTB,4
TMR0                              00000001
TMR0IE                            00000005
TMR0IF                            00000002
TMR1                              0000000E
TMR1CS                            00000001
TMR1H                             0000000F
TMR1IE                            00000000
TMR1IF                            00000000
TMR1L                             0000000E
TMR1ON                            00000000
TMR2                              00000011
TMR2IE                            00000001
TMR2IF                            00000001
TMR2ON                            00000002
TOUTPS0                           00000003
TOUTPS1                           00000004
TOUTPS2                           00000005
TOUTPS3                           00000006
MPASM 5.83                         ALARM.ASM   7-1-2019  17:08:54         PAGE  9


SYMBOL TABLE
  LABEL                             VALUE 

TRISA                             00000085
TRISA0                            00000000
TRISA1                            00000001
TRISA2                            00000002
TRISA3                            00000003
TRISA4                            00000004
TRISA5                            00000005
TRISA6                            00000006
TRISA7                            00000007
TRISB                             00000086
TRISB0                            00000000
TRISB1                            00000001
TRISB2                            00000002
TRISB3                            00000003
TRISB4                            00000004
TRISB5                            00000005
TRISB6                            00000006
TRISB7                            00000007
TRMT                              00000001
TST_TEC                           00000037
TST_TEC_                          00000062
TST_Z01                           0000002B
TST_Z01_                          00000051
TST_Z02                           00000031
TST_Z02_                          0000005A
TX9                               00000006
TX9D                              00000000
TXEN                              00000005
TXIE                              00000004
TXIF                              00000004
TXREG                             00000019
TXSTA                             00000098
VR0                               00000000
VR1                               00000001
VR2                               00000002
VR3                               00000003
VRCON                             0000009F
VREN                              00000007
VROE                              00000006
VRR                               00000005
W                                 00000000
WR                                00000001
WREN                              00000002
WRERR                             00000003
Z                                 00000002
ZONA_01                           PORTB,1
ZONA_02                           PORTB,3
ZONA_S                            PORTB,0
_BODEN_OFF                        00003FBF
_BODEN_ON                         00003FFF
_BOREN_OFF                        00003FBF
_BOREN_ON                         00003FFF
_CONFIG                           00002007
MPASM 5.83                         ALARM.ASM   7-1-2019  17:08:54         PAGE 10


SYMBOL TABLE
  LABEL                             VALUE 

_CPD_OFF                          00003FFF
_CPD_ON                           00003EFF
_CP_OFF                           00003FFF
_CP_ON                            00001FFF
_DEVID1                           00002006
_ER_OSC_CLKOUT                    00003FFF
_ER_OSC_NOCLKOUT                  00003FFE
_EXTCLK_OSC                       00003FEF
_FOSC_ECIO                        00003FEF
_FOSC_EXTRCCLK                    00003FFF
_FOSC_EXTRCIO                     00003FFE
_FOSC_HS                          00003FEE
_FOSC_INTOSCCLK                   00003FFD
_FOSC_INTOSCIO                    00003FFC
_FOSC_LP                          00003FEC
_FOSC_XT                          00003FED
_HS_OSC                           00003FEE
_IDLOC0                           00002000
_IDLOC1                           00002001
_IDLOC2                           00002002
_IDLOC3                           00002003
_INTOSC_OSC_CLKOUT                00003FFD
_INTOSC_OSC_NOCLKOUT              00003FFC
_INTRC_OSC_CLKOUT                 00003FFD
_INTRC_OSC_NOCLKOUT               00003FFC
_LP_OSC                           00003FEC
_LVP_OFF                          00003F7F
_LVP_ON                           00003FFF
_MCLRE_OFF                        00003FDF
_MCLRE_ON                         00003FFF
_PWRTE_OFF                        00003FFF
_PWRTE_ON                         00003FF7
_RC_OSC_CLKOUT                    00003FFF
_RC_OSC_NOCLKOUT                  00003FFE
_WDTE_OFF                         00003FFB
_WDTE_ON                          00003FFF
_WDT_OFF                          00003FFB
_WDT_ON                           00003FFF
_XT_OSC                           00003FED
__16F628A                         00000001

Errors   :     0
Warnings :     0 reported,     0 suppressed
Messages :     3 reported,     0 suppressed

